2026-03-28 15:29:21,191 - adata_query._core._fetcher - DEBUG - Fetch function called for key: X_pca
2026-03-28 15:29:21,191 - adata_query._core._fetcher - DEBUG - Initialized AnnDataFetcher
2026-03-28 15:29:21,191 - adata_query._core._fetcher - DEBUG - Fetch called for key: X_pca
2026-03-28 15:29:21,191 - adata_query._core._fetcher - DEBUG - Fetching data for key: X_pca
2026-03-28 15:29:21,191 - adata_query._core._locator - DEBUG - Locate function called for key: X_pca
2026-03-28 15:29:21,191 - adata_query._core._locator - DEBUG - Initialized AnnDataLocator with searchable: ['X']
2026-03-28 15:29:21,191 - adata_query._core._locator - DEBUG - Locating key 'X_pca' in AnnData object
2026-03-28 15:29:21,191 - adata_query._core._locator - DEBUG - Starting data intake from AnnData object
2026-03-28 15:29:21,191 - adata_query._core._locator - DEBUG - Stashed attribute: obs_keys
2026-03-28 15:29:21,191 - adata_query._core._locator - DEBUG - Stashed attribute: var_keys
2026-03-28 15:29:21,191 - adata_query._core._locator - DEBUG - Stashed attribute: obsm_keys
2026-03-28 15:29:21,191 - adata_query._core._locator - DEBUG - Stashed attribute: varm_keys
2026-03-28 15:29:21,191 - adata_query._core._locator - DEBUG - Stashed attribute: uns_keys
2026-03-28 15:29:21,191 - adata_query._core._locator - DEBUG - Stashed attribute: layers
2026-03-28 15:29:21,191 - adata_query._core._locator - DEBUG - Stashed attribute: X
2026-03-28 15:29:21,191 - adata_query._core._locator - DEBUG - Completed data intake. Available attributes: ['obs_keys', 'var_keys', 'obsm_keys', 'varm_keys', 'uns_keys', 'layers', 'X']
2026-03-28 15:29:21,191 - adata_query._core._locator - DEBUG - Cross reference for key 'X_pca' found matches: ['obsm_keys']
2026-03-28 15:29:21,191 - adata_query._core._locator - DEBUG - Successfully located key 'X_pca' in attribute: obsm
2026-03-28 15:29:21,191 - adata_query._core._fetcher - DEBUG - Retrieved data from adata.obsm['X_pca']
2026-03-28 15:29:21,192 - adata_query._core._formatter - DEBUG - Formatting data as torch tensor on device: cuda:0
2026-03-28 15:29:21,192 - adata_query._core._formatter - DEBUG - Initialized DataFormatter with data type: <class 'numpy.ndarray'>
2026-03-28 15:29:21,192 - adata_query._core._formatter - DEBUG - Converting data to torch tensor on device: cuda:0
2026-03-28 15:29:21,192 - adata_query._core._formatter - DEBUG - Converting numpy array to torch tensor
2026-03-28 15:29:21,205 - adata_query._core._fetcher - DEBUG - Fetch function called for key: X_pca
2026-03-28 15:29:21,206 - adata_query._core._fetcher - DEBUG - Initialized AnnDataFetcher
2026-03-28 15:29:21,206 - adata_query._core._fetcher - DEBUG - Fetch called for key: X_pca
2026-03-28 15:29:21,206 - adata_query._core._fetcher - DEBUG - Fetching data for key: X_pca
2026-03-28 15:29:21,206 - adata_query._core._locator - DEBUG - Locate function called for key: X_pca
2026-03-28 15:29:21,206 - adata_query._core._locator - DEBUG - Initialized AnnDataLocator with searchable: ['X']
2026-03-28 15:29:21,206 - adata_query._core._locator - DEBUG - Locating key 'X_pca' in AnnData object
2026-03-28 15:29:21,206 - adata_query._core._locator - DEBUG - Starting data intake from AnnData object
2026-03-28 15:29:21,206 - adata_query._core._locator - DEBUG - Stashed attribute: obs_keys
2026-03-28 15:29:21,206 - adata_query._core._locator - DEBUG - Stashed attribute: var_keys
2026-03-28 15:29:21,206 - adata_query._core._locator - DEBUG - Stashed attribute: obsm_keys
2026-03-28 15:29:21,206 - adata_query._core._locator - DEBUG - Stashed attribute: varm_keys
2026-03-28 15:29:21,206 - adata_query._core._locator - DEBUG - Stashed attribute: uns_keys
2026-03-28 15:29:21,206 - adata_query._core._locator - DEBUG - Stashed attribute: layers
2026-03-28 15:29:21,206 - adata_query._core._locator - DEBUG - Stashed attribute: X
2026-03-28 15:29:21,206 - adata_query._core._locator - DEBUG - Completed data intake. Available attributes: ['obs_keys', 'var_keys', 'obsm_keys', 'varm_keys', 'uns_keys', 'layers', 'X']
2026-03-28 15:29:21,206 - adata_query._core._locator - DEBUG - Cross reference for key 'X_pca' found matches: ['obsm_keys']
2026-03-28 15:29:21,206 - adata_query._core._locator - DEBUG - Successfully located key 'X_pca' in attribute: obsm
2026-03-28 15:29:21,206 - adata_query._core._fetcher - DEBUG - Retrieved data from adata.obsm['X_pca']
2026-03-28 15:29:21,206 - adata_query._core._formatter - DEBUG - Formatting data as torch tensor on device: cuda:0
2026-03-28 15:29:21,206 - adata_query._core._formatter - DEBUG - Initialized DataFormatter with data type: <class 'numpy.ndarray'>
2026-03-28 15:29:21,206 - adata_query._core._formatter - DEBUG - Converting data to torch tensor on device: cuda:0
2026-03-28 15:29:21,206 - adata_query._core._formatter - DEBUG - Converting numpy array to torch tensor
2026-03-28 15:29:21,237 - adata_query._core._fetcher - DEBUG - Fetch function called for key: X_pca
2026-03-28 15:29:21,237 - adata_query._core._fetcher - DEBUG - Initialized AnnDataFetcher
2026-03-28 15:29:21,237 - adata_query._core._fetcher - DEBUG - Fetch called for key: X_pca
2026-03-28 15:29:21,237 - adata_query._core._fetcher - DEBUG - Fetching data for key: X_pca
2026-03-28 15:29:21,237 - adata_query._core._locator - DEBUG - Locate function called for key: X_pca
2026-03-28 15:29:21,237 - adata_query._core._locator - DEBUG - Initialized AnnDataLocator with searchable: ['X']
2026-03-28 15:29:21,237 - adata_query._core._locator - DEBUG - Locating key 'X_pca' in AnnData object
2026-03-28 15:29:21,237 - adata_query._core._locator - DEBUG - Starting data intake from AnnData object
2026-03-28 15:29:21,237 - adata_query._core._locator - DEBUG - Stashed attribute: obs_keys
2026-03-28 15:29:21,237 - adata_query._core._locator - DEBUG - Stashed attribute: var_keys
2026-03-28 15:29:21,237 - adata_query._core._locator - DEBUG - Stashed attribute: obsm_keys
2026-03-28 15:29:21,237 - adata_query._core._locator - DEBUG - Stashed attribute: varm_keys
2026-03-28 15:29:21,237 - adata_query._core._locator - DEBUG - Stashed attribute: uns_keys
2026-03-28 15:29:21,237 - adata_query._core._locator - DEBUG - Stashed attribute: layers
2026-03-28 15:29:21,237 - adata_query._core._locator - DEBUG - Stashed attribute: X
2026-03-28 15:29:21,237 - adata_query._core._locator - DEBUG - Completed data intake. Available attributes: ['obs_keys', 'var_keys', 'obsm_keys', 'varm_keys', 'uns_keys', 'layers', 'X']
2026-03-28 15:29:21,237 - adata_query._core._locator - DEBUG - Cross reference for key 'X_pca' found matches: ['obsm_keys']
2026-03-28 15:29:21,237 - adata_query._core._locator - DEBUG - Successfully located key 'X_pca' in attribute: obsm
2026-03-28 15:29:21,237 - adata_query._core._fetcher - DEBUG - Retrieved data from adata.obsm['X_pca']
2026-03-28 15:29:21,237 - adata_query._core._formatter - DEBUG - Formatting data as torch tensor on device: cuda:0
2026-03-28 15:29:21,237 - adata_query._core._formatter - DEBUG - Initialized DataFormatter with data type: <class 'anndata._core.views.ArrayView'>
2026-03-28 15:29:21,237 - adata_query._core._formatter - DEBUG - Converting data to torch tensor on device: cuda:0
2026-03-28 15:29:21,237 - adata_query._core._formatter - DEBUG - Converting ArrayView to numpy before torch conversion
2026-03-28 15:29:21,237 - adata_query._core._formatter - DEBUG - Converting numpy array to torch tensor
2026-03-28 15:29:21,652 - adata_query._core._fetcher - DEBUG - Fetch function called for key: X_pca
2026-03-28 15:29:21,652 - adata_query._core._fetcher - DEBUG - Initialized AnnDataFetcher
2026-03-28 15:29:21,652 - adata_query._core._fetcher - DEBUG - Fetch called for key: X_pca
2026-03-28 15:29:21,652 - adata_query._core._fetcher - DEBUG - Fetching data for key: X_pca
2026-03-28 15:29:21,652 - adata_query._core._locator - DEBUG - Locate function called for key: X_pca
2026-03-28 15:29:21,652 - adata_query._core._locator - DEBUG - Initialized AnnDataLocator with searchable: ['X']
2026-03-28 15:29:21,652 - adata_query._core._locator - DEBUG - Locating key 'X_pca' in AnnData object
2026-03-28 15:29:21,652 - adata_query._core._locator - DEBUG - Starting data intake from AnnData object
2026-03-28 15:29:21,652 - adata_query._core._locator - DEBUG - Stashed attribute: obs_keys
2026-03-28 15:29:21,652 - adata_query._core._locator - DEBUG - Stashed attribute: var_keys
2026-03-28 15:29:21,652 - adata_query._core._locator - DEBUG - Stashed attribute: obsm_keys
2026-03-28 15:29:21,652 - adata_query._core._locator - DEBUG - Stashed attribute: varm_keys
2026-03-28 15:29:21,652 - adata_query._core._locator - DEBUG - Stashed attribute: uns_keys
2026-03-28 15:29:21,652 - adata_query._core._locator - DEBUG - Stashed attribute: layers
2026-03-28 15:29:21,652 - adata_query._core._locator - DEBUG - Stashed attribute: X
2026-03-28 15:29:21,652 - adata_query._core._locator - DEBUG - Completed data intake. Available attributes: ['obs_keys', 'var_keys', 'obsm_keys', 'varm_keys', 'uns_keys', 'layers', 'X']
2026-03-28 15:29:21,652 - adata_query._core._locator - DEBUG - Cross reference for key 'X_pca' found matches: ['obsm_keys']
2026-03-28 15:29:21,652 - adata_query._core._locator - DEBUG - Successfully located key 'X_pca' in attribute: obsm
2026-03-28 15:29:21,652 - adata_query._core._fetcher - DEBUG - Retrieved data from adata.obsm['X_pca']
2026-03-28 15:29:21,652 - adata_query._core._formatter - DEBUG - Formatting data as numpy array
2026-03-28 15:29:21,652 - adata_query._core._formatter - DEBUG - Initialized DataFormatter with data type: <class 'numpy.ndarray'>
2026-03-28 15:29:21,652 - adata_query._core._formatter - DEBUG - Converting data to numpy array
2026-03-28 15:29:21,652 - adata_query._core._formatter - DEBUG - Data already in numpy format
2026-03-28 15:29:22,898 - adata_query._core._fetcher - DEBUG - Fetch function called for key: X
2026-03-28 15:29:22,898 - adata_query._core._fetcher - DEBUG - Initialized AnnDataFetcher
2026-03-28 15:29:22,898 - adata_query._core._fetcher - DEBUG - Fetch called for key: X
2026-03-28 15:29:22,898 - adata_query._core._fetcher - DEBUG - Fetching data for key: X
2026-03-28 15:29:22,898 - adata_query._core._fetcher - DEBUG - Retrieved data from adata.X
2026-03-28 15:29:22,898 - adata_query._core._formatter - DEBUG - Formatting data as numpy array
2026-03-28 15:29:22,898 - adata_query._core._formatter - DEBUG - Initialized DataFormatter with data type: <class 'numpy.ndarray'>
2026-03-28 15:29:22,898 - adata_query._core._formatter - DEBUG - Converting data to numpy array
2026-03-28 15:29:22,898 - adata_query._core._formatter - DEBUG - Data already in numpy format
2026-03-28 15:50:04,671 - adata_query._core._fetcher - DEBUG - Fetch function called for key: X_pca
2026-03-28 15:50:04,671 - adata_query._core._fetcher - DEBUG - Initialized AnnDataFetcher
2026-03-28 15:50:04,671 - adata_query._core._fetcher - DEBUG - Fetch called for key: X_pca
2026-03-28 15:50:04,671 - adata_query._core._fetcher - DEBUG - Fetching data for key: X_pca
2026-03-28 15:50:04,671 - adata_query._core._locator - DEBUG - Locate function called for key: X_pca
2026-03-28 15:50:04,672 - adata_query._core._locator - DEBUG - Initialized AnnDataLocator with searchable: ['X']
2026-03-28 15:50:04,672 - adata_query._core._locator - DEBUG - Locating key 'X_pca' in AnnData object
2026-03-28 15:50:04,672 - adata_query._core._locator - DEBUG - Starting data intake from AnnData object
2026-03-28 15:50:04,672 - adata_query._core._locator - DEBUG - Stashed attribute: obs_keys
2026-03-28 15:50:04,672 - adata_query._core._locator - DEBUG - Stashed attribute: var_keys
2026-03-28 15:50:04,672 - adata_query._core._locator - DEBUG - Stashed attribute: obsm_keys
2026-03-28 15:50:04,672 - adata_query._core._locator - DEBUG - Stashed attribute: varm_keys
2026-03-28 15:50:04,672 - adata_query._core._locator - DEBUG - Stashed attribute: uns_keys
2026-03-28 15:50:04,672 - adata_query._core._locator - DEBUG - Stashed attribute: layers
2026-03-28 15:50:04,672 - adata_query._core._locator - DEBUG - Stashed attribute: X
2026-03-28 15:50:04,672 - adata_query._core._locator - DEBUG - Completed data intake. Available attributes: ['obs_keys', 'var_keys', 'obsm_keys', 'varm_keys', 'uns_keys', 'layers', 'X']
2026-03-28 15:50:04,672 - adata_query._core._locator - DEBUG - Cross reference for key 'X_pca' found matches: ['obsm_keys']
2026-03-28 15:50:04,672 - adata_query._core._locator - DEBUG - Successfully located key 'X_pca' in attribute: obsm
2026-03-28 15:50:04,672 - adata_query._core._fetcher - DEBUG - Retrieved data from adata.obsm['X_pca']
2026-03-28 15:50:04,672 - adata_query._core._formatter - DEBUG - Formatting data as torch tensor on device: cuda:0
2026-03-28 15:50:04,672 - adata_query._core._formatter - DEBUG - Initialized DataFormatter with data type: <class 'numpy.ndarray'>
2026-03-28 15:50:04,672 - adata_query._core._formatter - DEBUG - Converting data to torch tensor on device: cuda:0
2026-03-28 15:50:04,672 - adata_query._core._formatter - DEBUG - Converting numpy array to torch tensor
2026-03-28 15:50:04,686 - adata_query._core._fetcher - DEBUG - Fetch function called for key: X_pca
2026-03-28 15:50:04,686 - adata_query._core._fetcher - DEBUG - Initialized AnnDataFetcher
2026-03-28 15:50:04,686 - adata_query._core._fetcher - DEBUG - Fetch called for key: X_pca
2026-03-28 15:50:04,686 - adata_query._core._fetcher - DEBUG - Fetching data for key: X_pca
2026-03-28 15:50:04,686 - adata_query._core._locator - DEBUG - Locate function called for key: X_pca
2026-03-28 15:50:04,686 - adata_query._core._locator - DEBUG - Initialized AnnDataLocator with searchable: ['X']
2026-03-28 15:50:04,686 - adata_query._core._locator - DEBUG - Locating key 'X_pca' in AnnData object
2026-03-28 15:50:04,686 - adata_query._core._locator - DEBUG - Starting data intake from AnnData object
2026-03-28 15:50:04,686 - adata_query._core._locator - DEBUG - Stashed attribute: obs_keys
2026-03-28 15:50:04,686 - adata_query._core._locator - DEBUG - Stashed attribute: var_keys
2026-03-28 15:50:04,686 - adata_query._core._locator - DEBUG - Stashed attribute: obsm_keys
2026-03-28 15:50:04,686 - adata_query._core._locator - DEBUG - Stashed attribute: varm_keys
2026-03-28 15:50:04,686 - adata_query._core._locator - DEBUG - Stashed attribute: uns_keys
2026-03-28 15:50:04,686 - adata_query._core._locator - DEBUG - Stashed attribute: layers
2026-03-28 15:50:04,686 - adata_query._core._locator - DEBUG - Stashed attribute: X
2026-03-28 15:50:04,686 - adata_query._core._locator - DEBUG - Completed data intake. Available attributes: ['obs_keys', 'var_keys', 'obsm_keys', 'varm_keys', 'uns_keys', 'layers', 'X']
2026-03-28 15:50:04,686 - adata_query._core._locator - DEBUG - Cross reference for key 'X_pca' found matches: ['obsm_keys']
2026-03-28 15:50:04,686 - adata_query._core._locator - DEBUG - Successfully located key 'X_pca' in attribute: obsm
2026-03-28 15:50:04,686 - adata_query._core._fetcher - DEBUG - Retrieved data from adata.obsm['X_pca']
2026-03-28 15:50:04,686 - adata_query._core._formatter - DEBUG - Formatting data as torch tensor on device: cuda:0
2026-03-28 15:50:04,686 - adata_query._core._formatter - DEBUG - Initialized DataFormatter with data type: <class 'numpy.ndarray'>
2026-03-28 15:50:04,687 - adata_query._core._formatter - DEBUG - Converting data to torch tensor on device: cuda:0
2026-03-28 15:50:04,687 - adata_query._core._formatter - DEBUG - Converting numpy array to torch tensor
2026-03-28 15:50:04,717 - adata_query._core._fetcher - DEBUG - Fetch function called for key: X_pca
2026-03-28 15:50:04,717 - adata_query._core._fetcher - DEBUG - Initialized AnnDataFetcher
2026-03-28 15:50:04,717 - adata_query._core._fetcher - DEBUG - Fetch called for key: X_pca
2026-03-28 15:50:04,717 - adata_query._core._fetcher - DEBUG - Fetching data for key: X_pca
2026-03-28 15:50:04,717 - adata_query._core._locator - DEBUG - Locate function called for key: X_pca
2026-03-28 15:50:04,717 - adata_query._core._locator - DEBUG - Initialized AnnDataLocator with searchable: ['X']
2026-03-28 15:50:04,717 - adata_query._core._locator - DEBUG - Locating key 'X_pca' in AnnData object
2026-03-28 15:50:04,717 - adata_query._core._locator - DEBUG - Starting data intake from AnnData object
2026-03-28 15:50:04,717 - adata_query._core._locator - DEBUG - Stashed attribute: obs_keys
2026-03-28 15:50:04,717 - adata_query._core._locator - DEBUG - Stashed attribute: var_keys
2026-03-28 15:50:04,717 - adata_query._core._locator - DEBUG - Stashed attribute: obsm_keys
2026-03-28 15:50:04,717 - adata_query._core._locator - DEBUG - Stashed attribute: varm_keys
2026-03-28 15:50:04,717 - adata_query._core._locator - DEBUG - Stashed attribute: uns_keys
2026-03-28 15:50:04,717 - adata_query._core._locator - DEBUG - Stashed attribute: layers
2026-03-28 15:50:04,718 - adata_query._core._locator - DEBUG - Stashed attribute: X
2026-03-28 15:50:04,718 - adata_query._core._locator - DEBUG - Completed data intake. Available attributes: ['obs_keys', 'var_keys', 'obsm_keys', 'varm_keys', 'uns_keys', 'layers', 'X']
2026-03-28 15:50:04,718 - adata_query._core._locator - DEBUG - Cross reference for key 'X_pca' found matches: ['obsm_keys']
2026-03-28 15:50:04,718 - adata_query._core._locator - DEBUG - Successfully located key 'X_pca' in attribute: obsm
2026-03-28 15:50:04,718 - adata_query._core._fetcher - DEBUG - Retrieved data from adata.obsm['X_pca']
2026-03-28 15:50:04,718 - adata_query._core._formatter - DEBUG - Formatting data as torch tensor on device: cuda:0
2026-03-28 15:50:04,718 - adata_query._core._formatter - DEBUG - Initialized DataFormatter with data type: <class 'anndata._core.views.ArrayView'>
2026-03-28 15:50:04,718 - adata_query._core._formatter - DEBUG - Converting data to torch tensor on device: cuda:0
2026-03-28 15:50:04,718 - adata_query._core._formatter - DEBUG - Converting ArrayView to numpy before torch conversion
2026-03-28 15:50:04,718 - adata_query._core._formatter - DEBUG - Converting numpy array to torch tensor
2026-03-28 15:50:04,875 - adata_query._core._fetcher - DEBUG - Fetch function called for key: X_pca
2026-03-28 15:50:04,875 - adata_query._core._fetcher - DEBUG - Initialized AnnDataFetcher
2026-03-28 15:50:04,875 - adata_query._core._fetcher - DEBUG - Fetch called for key: X_pca
2026-03-28 15:50:04,875 - adata_query._core._fetcher - DEBUG - Fetching data for key: X_pca
2026-03-28 15:50:04,876 - adata_query._core._locator - DEBUG - Locate function called for key: X_pca
2026-03-28 15:50:04,876 - adata_query._core._locator - DEBUG - Initialized AnnDataLocator with searchable: ['X']
2026-03-28 15:50:04,876 - adata_query._core._locator - DEBUG - Locating key 'X_pca' in AnnData object
2026-03-28 15:50:04,876 - adata_query._core._locator - DEBUG - Starting data intake from AnnData object
2026-03-28 15:50:04,876 - adata_query._core._locator - DEBUG - Stashed attribute: obs_keys
2026-03-28 15:50:04,876 - adata_query._core._locator - DEBUG - Stashed attribute: var_keys
2026-03-28 15:50:04,876 - adata_query._core._locator - DEBUG - Stashed attribute: obsm_keys
2026-03-28 15:50:04,876 - adata_query._core._locator - DEBUG - Stashed attribute: varm_keys
2026-03-28 15:50:04,876 - adata_query._core._locator - DEBUG - Stashed attribute: uns_keys
2026-03-28 15:50:04,876 - adata_query._core._locator - DEBUG - Stashed attribute: layers
2026-03-28 15:50:04,876 - adata_query._core._locator - DEBUG - Stashed attribute: X
2026-03-28 15:50:04,876 - adata_query._core._locator - DEBUG - Completed data intake. Available attributes: ['obs_keys', 'var_keys', 'obsm_keys', 'varm_keys', 'uns_keys', 'layers', 'X']
2026-03-28 15:50:04,876 - adata_query._core._locator - DEBUG - Cross reference for key 'X_pca' found matches: ['obsm_keys']
2026-03-28 15:50:04,876 - adata_query._core._locator - DEBUG - Successfully located key 'X_pca' in attribute: obsm
2026-03-28 15:50:04,876 - adata_query._core._fetcher - DEBUG - Retrieved data from adata.obsm['X_pca']
2026-03-28 15:50:04,876 - adata_query._core._formatter - DEBUG - Formatting data as torch tensor on device: cuda:0
2026-03-28 15:50:04,876 - adata_query._core._formatter - DEBUG - Initialized DataFormatter with data type: <class 'anndata._core.views.ArrayView'>
2026-03-28 15:50:04,876 - adata_query._core._formatter - DEBUG - Converting data to torch tensor on device: cuda:0
2026-03-28 15:50:04,876 - adata_query._core._formatter - DEBUG - Converting ArrayView to numpy before torch conversion
2026-03-28 15:50:04,876 - adata_query._core._formatter - DEBUG - Converting numpy array to torch tensor
