2026-03-28 15:20:22,961 - scdiffeq.core._mix_ins._model_config_mix_in - INFO - Input data configured.
2026-03-28 15:20:22,961 - scdiffeq.core.configs._lightning_model_configuration - DEBUG - Model fetched: 'LightningSDE_FixedPotential_RegularizedVelocityRatio'
2026-03-28 15:20:22,964 - scdiffeq.core.configs._lightning_model_configuration - DEBUG - {'latent_dim': 50, 'name': None, 'backend': 'auto', 'velocity_ratio_params': {'target': 2.5, 'enforce': 100, 'method': 'square'}, 'train_lr': 0.0001, 'train_optimizer': <class 'torch.optim.rmsprop.RMSprop'>, 'train_scheduler': <class 'torch.optim.lr_scheduler.StepLR'>, 'train_step_size': 2250, 'dt': 0.1, 'mu_hidden': [512, 512], 'mu_activation': 'LeakyReLU', 'mu_dropout': 0.1, 'mu_bias': True, 'mu_output_bias': True, 'mu_n_augment': 0, 'sigma_hidden': [32, 32], 'sigma_activation': 'LeakyReLU', 'sigma_dropout': 0.1, 'sigma_bias': True, 'sigma_output_bias': True, 'sigma_n_augment': 0, 'adjoint': False, 'sde_type': 'ito', 'noise_type': 'general', 'brownian_dim': 1, 'coef_drift': 1.0, 'coef_diffusion': 1.0, 'args': (), 'loading_existing': False}
2026-03-28 15:20:22,982 - scdiffeq.core._mix_ins._training_routine_mix_ins - DEBUG - Configuring training step
2026-03-28 15:20:22,984 - scdiffeq.core.configs._progress_bar_config - INFO - Detected environment: terminal
2026-03-28 15:20:22,988 - scdiffeq.core._mix_ins._training_routine_mix_ins - DEBUG - Logging locally to: /home/yding1995/opscc_sc/CAPE/notebooks/larry_comparison/LightningSDE-FixedPotential-RegularizedVelocityRatio/version_0
2026-03-28 15:29:21,202 - scdiffeq.tools._drift_diffusion_state_characterization - INFO - Added: adata.obsm['X_drift']
2026-03-28 15:29:21,205 - scdiffeq.tools._drift_diffusion_state_characterization - INFO - Added: adata.obsm['drift']
2026-03-28 15:29:21,209 - scdiffeq.tools._drift_diffusion_state_characterization - INFO - Added: adata.obsm['X_diffusion']
2026-03-28 15:29:21,212 - scdiffeq.tools._drift_diffusion_state_characterization - INFO - Added: adata.obsm['diffusion']
2026-03-28 15:29:21,521 - scdiffeq.core._mix_ins._knn_mix_in - INFO - Bulding Annoy kNN Graph on adata.obsm['train']
2026-03-28 15:29:28,943 - scdiffeq.tools._annotate_cell_state - INFO - Added state annotation: adata_sim.obs['Cell type annotation']
2026-03-28 15:29:28,951 - scdiffeq.tools._annotate_cell_fate - INFO - Added fate annotation: adata_sim.obs['fate']
2026-03-28 15:29:28,952 - scdiffeq.tools._annotate_cell_fate - INFO - Added fate counts: adata_sim.uns['fate_counts']
2026-03-28 15:33:22,444 - scdiffeq.core._mix_ins._model_config_mix_in - INFO - Input data configured.
2026-03-28 15:33:22,444 - scdiffeq.core.configs._lightning_model_configuration - DEBUG - Model fetched: 'LightningSDE_FixedPotential_RegularizedVelocityRatio'
2026-03-28 15:33:22,449 - scdiffeq.core.configs._lightning_model_configuration - DEBUG - {'latent_dim': 50, 'name': None, 'backend': 'auto', 'velocity_ratio_params': {'target': 2.5, 'enforce': 100, 'method': 'square'}, 'train_lr': 0.0001, 'train_optimizer': <class 'torch.optim.rmsprop.RMSprop'>, 'train_scheduler': <class 'torch.optim.lr_scheduler.StepLR'>, 'train_step_size': 2250, 'dt': 0.1, 'mu_hidden': [512, 512], 'mu_activation': 'LeakyReLU', 'mu_dropout': 0.1, 'mu_bias': True, 'mu_output_bias': True, 'mu_n_augment': 0, 'sigma_hidden': [32, 32], 'sigma_activation': 'LeakyReLU', 'sigma_dropout': 0.1, 'sigma_bias': True, 'sigma_output_bias': True, 'sigma_n_augment': 0, 'adjoint': False, 'sde_type': 'ito', 'noise_type': 'general', 'brownian_dim': 1, 'coef_drift': 1.0, 'coef_diffusion': 1.0, 'args': (), 'loading_existing': False}
2026-03-28 15:33:22,469 - scdiffeq.core._mix_ins._training_routine_mix_ins - DEBUG - Configuring training step
2026-03-28 15:33:22,471 - scdiffeq.core.configs._progress_bar_config - INFO - Detected environment: terminal
2026-03-28 15:33:22,479 - scdiffeq.core._mix_ins._training_routine_mix_ins - DEBUG - Logging locally to: /home/yding1995/opscc_sc/CAPE/notebooks/larry_comparison/LightningSDE-FixedPotential-RegularizedVelocityRatio/version_1
2026-03-28 15:33:47,383 - scdiffeq.core._mix_ins._model_config_mix_in - INFO - Input data configured.
2026-03-28 15:33:47,384 - scdiffeq.core.configs._lightning_model_configuration - DEBUG - Model fetched: 'LightningSDE_FixedPotential_RegularizedVelocityRatio'
2026-03-28 15:33:47,389 - scdiffeq.core.configs._lightning_model_configuration - DEBUG - {'latent_dim': 50, 'name': None, 'backend': 'auto', 'velocity_ratio_params': {'target': 2.5, 'enforce': 100, 'method': 'square'}, 'train_lr': 0.0001, 'train_optimizer': <class 'torch.optim.rmsprop.RMSprop'>, 'train_scheduler': <class 'torch.optim.lr_scheduler.StepLR'>, 'train_step_size': 2250, 'dt': 0.1, 'mu_hidden': [512, 512], 'mu_activation': 'LeakyReLU', 'mu_dropout': 0.1, 'mu_bias': True, 'mu_output_bias': True, 'mu_n_augment': 0, 'sigma_hidden': [32, 32], 'sigma_activation': 'LeakyReLU', 'sigma_dropout': 0.1, 'sigma_bias': True, 'sigma_output_bias': True, 'sigma_n_augment': 0, 'adjoint': False, 'sde_type': 'ito', 'noise_type': 'general', 'brownian_dim': 1, 'coef_drift': 1.0, 'coef_diffusion': 1.0, 'args': (), 'loading_existing': False}
2026-03-28 15:33:47,415 - scdiffeq.core._mix_ins._training_routine_mix_ins - DEBUG - Configuring training step
2026-03-28 15:33:47,417 - scdiffeq.core.configs._progress_bar_config - INFO - Detected environment: terminal
2026-03-28 15:33:47,425 - scdiffeq.core._mix_ins._training_routine_mix_ins - DEBUG - Logging locally to: /home/yding1995/opscc_sc/CAPE/notebooks/larry_comparison/LightningSDE-FixedPotential-RegularizedVelocityRatio/version_2
2026-03-28 15:34:01,346 - scdiffeq.core._mix_ins._model_config_mix_in - INFO - Input data configured.
2026-03-28 15:34:01,347 - scdiffeq.core.configs._lightning_model_configuration - DEBUG - Model fetched: 'LightningSDE_FixedPotential_RegularizedVelocityRatio'
2026-03-28 15:34:01,352 - scdiffeq.core.configs._lightning_model_configuration - DEBUG - {'latent_dim': 50, 'name': None, 'backend': 'auto', 'velocity_ratio_params': {'target': 2.5, 'enforce': 100, 'method': 'square'}, 'train_lr': 0.0001, 'train_optimizer': <class 'torch.optim.rmsprop.RMSprop'>, 'train_scheduler': <class 'torch.optim.lr_scheduler.StepLR'>, 'train_step_size': 2250, 'dt': 0.1, 'mu_hidden': [512, 512], 'mu_activation': 'LeakyReLU', 'mu_dropout': 0.1, 'mu_bias': True, 'mu_output_bias': True, 'mu_n_augment': 0, 'sigma_hidden': [32, 32], 'sigma_activation': 'LeakyReLU', 'sigma_dropout': 0.1, 'sigma_bias': True, 'sigma_output_bias': True, 'sigma_n_augment': 0, 'adjoint': False, 'sde_type': 'ito', 'noise_type': 'general', 'brownian_dim': 1, 'coef_drift': 1.0, 'coef_diffusion': 1.0, 'args': (), 'loading_existing': False}
2026-03-28 15:34:01,372 - scdiffeq.core._mix_ins._training_routine_mix_ins - DEBUG - Configuring training step
2026-03-28 15:34:01,374 - scdiffeq.core.configs._progress_bar_config - INFO - Detected environment: terminal
2026-03-28 15:34:01,382 - scdiffeq.core._mix_ins._training_routine_mix_ins - DEBUG - Logging locally to: /home/yding1995/opscc_sc/CAPE/notebooks/larry_comparison/LightningSDE-FixedPotential-RegularizedVelocityRatio/version_3
2026-03-28 15:34:42,250 - scdiffeq.core._mix_ins._model_config_mix_in - INFO - Input data configured.
2026-03-28 15:34:42,251 - scdiffeq.core.configs._lightning_model_configuration - DEBUG - Model fetched: 'LightningSDE_FixedPotential_RegularizedVelocityRatio'
2026-03-28 15:34:42,254 - scdiffeq.core.configs._lightning_model_configuration - DEBUG - {'latent_dim': 50, 'name': None, 'backend': 'auto', 'velocity_ratio_params': {'target': 2.5, 'enforce': 100, 'method': 'square'}, 'train_lr': 0.0001, 'train_optimizer': <class 'torch.optim.rmsprop.RMSprop'>, 'train_scheduler': <class 'torch.optim.lr_scheduler.StepLR'>, 'train_step_size': 2250, 'dt': 0.1, 'mu_hidden': [512, 512], 'mu_activation': 'LeakyReLU', 'mu_dropout': 0.1, 'mu_bias': True, 'mu_output_bias': True, 'mu_n_augment': 0, 'sigma_hidden': [32, 32], 'sigma_activation': 'LeakyReLU', 'sigma_dropout': 0.1, 'sigma_bias': True, 'sigma_output_bias': True, 'sigma_n_augment': 0, 'adjoint': False, 'sde_type': 'ito', 'noise_type': 'general', 'brownian_dim': 1, 'coef_drift': 1.0, 'coef_diffusion': 1.0, 'args': (), 'loading_existing': False}
2026-03-28 15:34:42,281 - scdiffeq.core._mix_ins._training_routine_mix_ins - DEBUG - Configuring training step
2026-03-28 15:34:42,283 - scdiffeq.core.configs._progress_bar_config - INFO - Detected environment: terminal
2026-03-28 15:34:42,293 - scdiffeq.core._mix_ins._training_routine_mix_ins - DEBUG - Logging locally to: /home/yding1995/opscc_sc/CAPE/notebooks/larry_comparison/LightningSDE-FixedPotential-RegularizedVelocityRatio/version_4
2026-03-28 15:40:12,758 - scdiffeq.core._mix_ins._model_config_mix_in - INFO - Input data configured.
2026-03-28 15:40:12,758 - scdiffeq.core.configs._lightning_model_configuration - DEBUG - Model fetched: 'LightningSDE_FixedPotential_RegularizedVelocityRatio'
2026-03-28 15:40:12,763 - scdiffeq.core.configs._lightning_model_configuration - DEBUG - {'latent_dim': 50, 'name': None, 'backend': 'auto', 'velocity_ratio_params': {'target': 2.5, 'enforce': 100, 'method': 'square'}, 'train_lr': 0.0001, 'train_optimizer': <class 'torch.optim.rmsprop.RMSprop'>, 'train_scheduler': <class 'torch.optim.lr_scheduler.StepLR'>, 'train_step_size': 2250, 'dt': 0.1, 'mu_hidden': [512, 512], 'mu_activation': 'LeakyReLU', 'mu_dropout': 0.1, 'mu_bias': True, 'mu_output_bias': True, 'mu_n_augment': 0, 'sigma_hidden': [32, 32], 'sigma_activation': 'LeakyReLU', 'sigma_dropout': 0.1, 'sigma_bias': True, 'sigma_output_bias': True, 'sigma_n_augment': 0, 'adjoint': False, 'sde_type': 'ito', 'noise_type': 'general', 'brownian_dim': 1, 'coef_drift': 1.0, 'coef_diffusion': 1.0, 'args': (), 'loading_existing': False}
2026-03-28 15:40:12,783 - scdiffeq.core._mix_ins._training_routine_mix_ins - DEBUG - Configuring training step
2026-03-28 15:40:12,785 - scdiffeq.core.configs._progress_bar_config - INFO - Detected environment: terminal
2026-03-28 15:40:12,793 - scdiffeq.core._mix_ins._training_routine_mix_ins - DEBUG - Logging locally to: /home/yding1995/opscc_sc/CAPE/notebooks/larry_comparison/LightningSDE-FixedPotential-RegularizedVelocityRatio/version_5
2026-03-28 15:50:04,682 - scdiffeq.tools._drift_diffusion_state_characterization - INFO - Added: adata.obsm['X_drift']
2026-03-28 15:50:04,685 - scdiffeq.tools._drift_diffusion_state_characterization - INFO - Added: adata.obsm['drift']
2026-03-28 15:50:04,690 - scdiffeq.tools._drift_diffusion_state_characterization - INFO - Added: adata.obsm['X_diffusion']
2026-03-28 15:50:04,693 - scdiffeq.tools._drift_diffusion_state_characterization - INFO - Added: adata.obsm['diffusion']
