Loading HNSCC data from /home/yding1995/opscc_sc/scDiffeq/hnscc/GSE235325_P4P60_scdiffeq_compatible.h5ad
Loaded obs=(303161, 56) latent=(303161, 50)
Train cells=197530 | Test cells=79819 | Supported perturbations=121 | Controls=['ctrl']
Training CAPE for 500 epochs ...
Traceback (most recent call last):
  File "/home/yding1995/opscc_sc/CAPE/notebooks/hnscc/run_cape_hnscc_full.py", line 455, in <module>
    main()
    ~~~~^^
  File "/home/yding1995/opscc_sc/CAPE/notebooks/hnscc/run_cape_hnscc_full.py", line 368, in main
    history = trainer.train(stage="all", n_epochs=args.epochs)
  File "/home/yding1995/opscc_sc/CAPE/src/cape/training/trainer.py", line 298, in train
    metrics = self._one_epoch(optimizer, epoch)
  File "/home/yding1995/opscc_sc/CAPE/src/cape/training/trainer.py", line 201, in _one_epoch
    loss_end, _ = self.uot_loss(
                  ~~~~~~~~~~~~~^
        pred_z=rollout.terminal_z,
        ^^^^^^^^^^^^^^^^^^^^^^^^^^
    ...<3 lines>...
        perturbation_ids=self.supported_pids,
        ^^^^^^^^^^^^^^^^^^^^^^^^^^^^^^^^^^^^^
    )
    ^
  File "/home/yding1995/miniforge3/envs/ml1/lib/python3.13/site-packages/torch/nn/modules/module.py", line 1775, in _wrapped_call_impl
    return self._call_impl(*args, **kwargs)
           ~~~~~~~~~~~~~~~^^^^^^^^^^^^^^^^^
  File "/home/yding1995/miniforge3/envs/ml1/lib/python3.13/site-packages/torch/nn/modules/module.py", line 1786, in _call_impl
    return forward_call(*args, **kwargs)
  File "/home/yding1995/opscc_sc/CAPE/src/cape/losses/uot.py", line 180, in forward
    geom = self._geometry(x, a_norm, y, b_norm)
  File "/home/yding1995/opscc_sc/CAPE/src/cape/losses/uot.py", line 150, in _geometry
    return self._geomloss_fn(
           ~~~~~~~~~~~~~~~~~^
        a_norm.unsqueeze(0), x.unsqueeze(0),
        ^^^^^^^^^^^^^^^^^^^^^^^^^^^^^^^^^^^^
        b_norm.unsqueeze(0), y.unsqueeze(0),
        ^^^^^^^^^^^^^^^^^^^^^^^^^^^^^^^^^^^^
    ).squeeze()
    ^
  File "/home/yding1995/miniforge3/envs/ml1/lib/python3.13/site-packages/torch/nn/modules/module.py", line 1775, in _wrapped_call_impl
    return self._call_impl(*args, **kwargs)
           ~~~~~~~~~~~~~~~^^^^^^^^^^^^^^^^^
  File "/home/yding1995/miniforge3/envs/ml1/lib/python3.13/site-packages/torch/nn/modules/module.py", line 1786, in _call_impl
    return forward_call(*args, **kwargs)
  File "/home/yding1995/miniforge3/envs/ml1/lib/python3.13/site-packages/geomloss/samples_loss.py", line 265, in forward
    values = routines[self.loss][backend](
        α,
    ...<16 lines>...
        verbose=self.verbose,
    )
  File "/home/yding1995/miniforge3/envs/ml1/lib/python3.13/site-packages/geomloss/sinkhorn_samples.py", line 186, in sinkhorn_tensorized
    C_yy = cost(y, y.detach()) if debias else None  # (B,M,M) torch Tensor
           ~~~~^^^^^^^^^^^^^^^
  File "/home/yding1995/miniforge3/envs/ml1/lib/python3.13/site-packages/geomloss/sinkhorn_samples.py", line 29, in <lambda>
    2: (lambda x, y: squared_distances(x, y) / 2),
                     ~~~~~~~~~~~~~~~~~^^^^^^
  File "/home/yding1995/miniforge3/envs/ml1/lib/python3.13/site-packages/geomloss/utils.py", line 55, in squared_distances
    return D_xx - 2 * D_xy + D_yy
           ~~~~~^~~~~~~~~~
torch.OutOfMemoryError: CUDA out of memory. Tried to allocate 1.91 GiB. GPU 0 has a total capacity of 9.64 GiB of which 58.31 MiB is free. Process 4168 has 219.56 MiB memory in use. Including non-PyTorch memory, this process has 8.86 GiB memory in use. Of the allocated memory 8.40 GiB is allocated by PyTorch, and 203.45 MiB is reserved by PyTorch but unallocated. If reserved but unallocated memory is large try setting PYTORCH_CUDA_ALLOC_CONF=expandable_segments:True to avoid fragmentation.  See documentation for Memory Management  (https://pytorch.org/docs/stable/notes/cuda.html#environment-variables)
[W328 18:02:15.024887777 AllocatorConfig.cpp:28] Warning: PYTORCH_CUDA_ALLOC_CONF is deprecated, use PYTORCH_ALLOC_CONF instead (function operator())
ERROR conda.cli.main_run:execute(142): `conda run python -u /home/yding1995/opscc_sc/CAPE/notebooks/hnscc/run_cape_hnscc_full.py --output-dir /home/yding1995/opscc_sc/CAPE/outputs/hnscc_cape_full_20260328_180157` failed. (See above for error)
