Loading HNSCC data from /home/yding1995/opscc_sc/scDiffeq/hnscc/GSE235325_P4P60_scdiffeq_compatible.h5ad
Loaded obs=(303161, 56) latent=(303161, 50)
Train cells=197530 | Test cells=79819 | Supported perturbations=121 | Controls=['ctrl']
Training CAPE for 500 epochs ...
Traceback (most recent call last):
  File "/home/yding1995/opscc_sc/CAPE/notebooks/hnscc/run_cape_hnscc_full.py", line 584, in <module>
    main()
    ~~~~^^
  File "/home/yding1995/opscc_sc/CAPE/notebooks/hnscc/run_cape_hnscc_full.py", line 493, in main
    history = trainer.train(stage="all", n_epochs=args.epochs)
  File "/home/yding1995/opscc_sc/CAPE/src/cape/training/trainer.py", line 298, in train
    metrics = self._one_epoch(optimizer, epoch)
  File "/home/yding1995/opscc_sc/CAPE/src/cape/training/trainer.py", line 212, in _one_epoch
    loss_weak = self.weak_loss(
        z_steps=rollout.z_steps,
    ...<5 lines>...
        refresh_centers=(epoch % 10 == 0),
    )
  File "/home/yding1995/miniforge3/envs/ml1/lib/python3.13/site-packages/torch/nn/modules/module.py", line 1775, in _wrapped_call_impl
    return self._call_impl(*args, **kwargs)
           ~~~~~~~~~~~~~~~^^^^^^^^^^^^^^^^^
  File "/home/yding1995/miniforge3/envs/ml1/lib/python3.13/site-packages/torch/nn/modules/module.py", line 1786, in _call_impl
    return forward_call(*args, **kwargs)
  File "/home/yding1995/opscc_sc/CAPE/src/cape/losses/weak_form.py", line 155, in forward
    dhess_psi = test_fns.diag_hess_psi(zk)  # [G, N, M, d]
  File "/home/yding1995/opscc_sc/CAPE/src/cape/losses/weak_form.py", line 59, in diag_hess_psi
    psi_val = self.psi(z).unsqueeze(-1)     # [G, N, M, 1]
              ~~~~~~~~^^^
  File "/home/yding1995/opscc_sc/CAPE/src/cape/losses/weak_form.py", line 47, in psi
    sq_dist = (diff ** 2).sum(-1)          # [G, N, M]
               ~~~~~^^~~
  File "/home/yding1995/miniforge3/envs/ml1/lib/python3.13/site-packages/torch/_tensor.py", line 45, in wrapped
    return f(self, *args, **kwargs)
torch.OutOfMemoryError: CUDA out of memory. Tried to allocate 48.00 MiB. GPU 0 has a total capacity of 9.64 GiB of which 46.31 MiB is free. Process 4168 has 219.56 MiB memory in use. Including non-PyTorch memory, this process has 8.86 GiB memory in use. Of the allocated memory 7.84 GiB is allocated by PyTorch, and 788.32 MiB is reserved by PyTorch but unallocated. If reserved but unallocated memory is large try setting PYTORCH_CUDA_ALLOC_CONF=expandable_segments:True to avoid fragmentation.  See documentation for Memory Management  (https://pytorch.org/docs/stable/notes/cuda.html#environment-variables)
ERROR conda.cli.main_run:execute(142): `conda run python -u /home/yding1995/opscc_sc/CAPE/notebooks/hnscc/run_cape_hnscc_full.py --output-dir /home/yding1995/opscc_sc/CAPE/outputs/hnscc_cape_full_wta_20260328_180831` failed. (See above for error)
